2017-11-02 17:10:54
Full thread dump Java HotSpot(TM) 64-Bit Server VM (24.71-b01 mixed mode):

"Attach Listener" daemon prio=5 tid=0x00007fd2a1a19800 nid=0x9703 waiting on condition [0x0000000000000000]
   java.lang.Thread.State: RUNNABLE

"C3P0PooledConnectionPoolManager[identityToken->1hge4ud9ryazehgxlw3d1|1d614247]-HelperThread-#2" daemon prio=5 tid=0x00007fd2a1f01000 nid=0x9503 in Object.wait() [0x000070000fe63000]
   java.lang.Thread.State: TIMED_WAITING (on object monitor)
	at java.lang.Object.wait(Native Method)
	- waiting on <0x0000000781f83bb0> (a com.mchange.v2.async.ThreadPoolAsynchronousRunner)
	at com.mchange.v2.async.ThreadPoolAsynchronousRunner$PoolThread.run(ThreadPoolAsynchronousRunner.java:683)
	- locked <0x0000000781f83bb0> (a com.mchange.v2.async.ThreadPoolAsynchronousRunner)

"C3P0PooledConnectionPoolManager[identityToken->1hge4ud9ryazehgxlw3d1|1d614247]-HelperThread-#1" daemon prio=5 tid=0x00007fd2a1a60000 nid=0x9303 in Object.wait() [0x000070000fd60000]
   java.lang.Thread.State: TIMED_WAITING (on object monitor)
	at java.lang.Object.wait(Native Method)
	- waiting on <0x0000000781f83bb0> (a com.mchange.v2.async.ThreadPoolAsynchronousRunner)
	at com.mchange.v2.async.ThreadPoolAsynchronousRunner$PoolThread.run(ThreadPoolAsynchronousRunner.java:683)
	- locked <0x0000000781f83bb0> (a com.mchange.v2.async.ThreadPoolAsynchronousRunner)

"C3P0PooledConnectionPoolManager[identityToken->1hge4ud9ryazehgxlw3d1|1d614247]-HelperThread-#0" daemon prio=5 tid=0x00007fd2a4a67000 nid=0x9103 in Object.wait() [0x000070000fc5d000]
   java.lang.Thread.State: TIMED_WAITING (on object monitor)
	at java.lang.Object.wait(Native Method)
	- waiting on <0x0000000781f83bb0> (a com.mchange.v2.async.ThreadPoolAsynchronousRunner)
	at com.mchange.v2.async.ThreadPoolAsynchronousRunner$PoolThread.run(ThreadPoolAsynchronousRunner.java:683)
	- locked <0x0000000781f83bb0> (a com.mchange.v2.async.ThreadPoolAsynchronousRunner)

"C3P0PooledConnectionPoolManager[identityToken->1hge4ud9ryazehgxlw3d1|1d614247]-AdminTaskTimer" daemon prio=5 tid=0x00007fd2a33b2000 nid=0x120b in Object.wait() [0x000070000fb5a000]
   java.lang.Thread.State: TIMED_WAITING (on object monitor)
	at java.lang.Object.wait(Native Method)
	- waiting on <0x0000000781f86b18> (a java.util.TaskQueue)
	at java.util.TimerThread.mainLoop(Timer.java:552)
	- locked <0x0000000781f86b18> (a java.util.TaskQueue)
	at java.util.TimerThread.run(Timer.java:505)

"Scheduler-1223882508" prio=5 tid=0x00007fd2a3349000 nid=0x140b waiting on condition [0x000070000c9c4000]
   java.lang.Thread.State: WAITING (parking)
	at sun.misc.Unsafe.park(Native Method)
	- parking to wait for  <0x0000000780d13fa0> (a java.util.concurrent.locks.AbstractQueuedSynchronizer$ConditionObject)
	at java.util.concurrent.locks.LockSupport.park(LockSupport.java:186)
	at java.util.concurrent.locks.AbstractQueuedSynchronizer$ConditionObject.await(AbstractQueuedSynchronizer.java:2043)
	at java.util.concurrent.ScheduledThreadPoolExecutor$DelayedWorkQueue.take(ScheduledThreadPoolExecutor.java:1079)
	at java.util.concurrent.ScheduledThreadPoolExecutor$DelayedWorkQueue.take(ScheduledThreadPoolExecutor.java:807)
	at java.util.concurrent.ThreadPoolExecutor.getTask(ThreadPoolExecutor.java:1068)
	at java.util.concurrent.ThreadPoolExecutor.runWorker(ThreadPoolExecutor.java:1130)
	at java.util.concurrent.ThreadPoolExecutor$Worker.run(ThreadPoolExecutor.java:615)
	at java.lang.Thread.run(Thread.java:745)

"New I/O boss #9" prio=5 tid=0x00007fd2a2cc3000 nid=0x8f03 runnable [0x000070000fa57000]
   java.lang.Thread.State: RUNNABLE
	at sun.nio.ch.KQueueArrayWrapper.kevent0(Native Method)
	at sun.nio.ch.KQueueArrayWrapper.poll(KQueueArrayWrapper.java:200)
	at sun.nio.ch.KQueueSelectorImpl.doSelect(KQueueSelectorImpl.java:103)
	at sun.nio.ch.SelectorImpl.lockAndDoSelect(SelectorImpl.java:87)
	- locked <0x0000000780db3d80> (a sun.nio.ch.Util$2)
	- locked <0x0000000780db3d70> (a java.util.Collections$UnmodifiableSet)
	- locked <0x0000000780db3c40> (a sun.nio.ch.KQueueSelectorImpl)
	at sun.nio.ch.SelectorImpl.select(SelectorImpl.java:98)
	at org.jboss.netty.channel.socket.nio.SelectorUtil.select(SelectorUtil.java:68)
	at org.jboss.netty.channel.socket.nio.AbstractNioSelector.select(AbstractNioSelector.java:434)
	at org.jboss.netty.channel.socket.nio.AbstractNioSelector.run(AbstractNioSelector.java:212)
	at org.jboss.netty.channel.socket.nio.NioClientBoss.run(NioClientBoss.java:42)
	at org.jboss.netty.util.ThreadRenamingRunnable.run(ThreadRenamingRunnable.java:108)
	at org.jboss.netty.util.internal.DeadLockProofWorker$1.run(DeadLockProofWorker.java:42)
	at java.util.concurrent.ThreadPoolExecutor.runWorker(ThreadPoolExecutor.java:1145)
	at java.util.concurrent.ThreadPoolExecutor$Worker.run(ThreadPoolExecutor.java:615)
	at java.lang.Thread.run(Thread.java:745)

"New I/O worker #8" daemon prio=5 tid=0x00007fd2a252f800 nid=0x8d03 runnable [0x000070000f954000]
   java.lang.Thread.State: RUNNABLE
	at sun.nio.ch.KQueueArrayWrapper.kevent0(Native Method)
	at sun.nio.ch.KQueueArrayWrapper.poll(KQueueArrayWrapper.java:200)
	at sun.nio.ch.KQueueSelectorImpl.doSelect(KQueueSelectorImpl.java:103)
	at sun.nio.ch.SelectorImpl.lockAndDoSelect(SelectorImpl.java:87)
	- locked <0x0000000780d9fea0> (a sun.nio.ch.Util$2)
	- locked <0x0000000780d9fe90> (a java.util.Collections$UnmodifiableSet)
	- locked <0x0000000780d9fd70> (a sun.nio.ch.KQueueSelectorImpl)
	at sun.nio.ch.SelectorImpl.select(SelectorImpl.java:98)
	at org.jboss.netty.channel.socket.nio.SelectorUtil.select(SelectorUtil.java:68)
	at org.jboss.netty.channel.socket.nio.AbstractNioSelector.select(AbstractNioSelector.java:434)
	at org.jboss.netty.channel.socket.nio.AbstractNioSelector.run(AbstractNioSelector.java:212)
	at org.jboss.netty.channel.socket.nio.AbstractNioWorker.run(AbstractNioWorker.java:89)
	at org.jboss.netty.channel.socket.nio.NioWorker.run(NioWorker.java:178)
	at org.jboss.netty.util.ThreadRenamingRunnable.run(ThreadRenamingRunnable.java:108)
	at org.jboss.netty.util.internal.DeadLockProofWorker$1.run(DeadLockProofWorker.java:42)
	at java.util.concurrent.ThreadPoolExecutor.runWorker(ThreadPoolExecutor.java:1145)
	at java.util.concurrent.ThreadPoolExecutor$Worker.run(ThreadPoolExecutor.java:615)
	at java.lang.Thread.run(Thread.java:745)

"New I/O worker #7" daemon prio=5 tid=0x00007fd2a2cf6800 nid=0x8b03 runnable [0x000070000f851000]
   java.lang.Thread.State: RUNNABLE
	at sun.nio.ch.KQueueArrayWrapper.kevent0(Native Method)
	at sun.nio.ch.KQueueArrayWrapper.poll(KQueueArrayWrapper.java:200)
	at sun.nio.ch.KQueueSelectorImpl.doSelect(KQueueSelectorImpl.java:103)
	at sun.nio.ch.SelectorImpl.lockAndDoSelect(SelectorImpl.java:87)
	- locked <0x0000000780da02f8> (a sun.nio.ch.Util$2)
	- locked <0x0000000780da02e8> (a java.util.Collections$UnmodifiableSet)
	- locked <0x0000000780da01c8> (a sun.nio.ch.KQueueSelectorImpl)
	at sun.nio.ch.SelectorImpl.select(SelectorImpl.java:98)
	at org.jboss.netty.channel.socket.nio.SelectorUtil.select(SelectorUtil.java:68)
	at org.jboss.netty.channel.socket.nio.AbstractNioSelector.select(AbstractNioSelector.java:434)
	at org.jboss.netty.channel.socket.nio.AbstractNioSelector.run(AbstractNioSelector.java:212)
	at org.jboss.netty.channel.socket.nio.AbstractNioWorker.run(AbstractNioWorker.java:89)
	at org.jboss.netty.channel.socket.nio.NioWorker.run(NioWorker.java:178)
	at org.jboss.netty.util.ThreadRenamingRunnable.run(ThreadRenamingRunnable.java:108)
	at org.jboss.netty.util.internal.DeadLockProofWorker$1.run(DeadLockProofWorker.java:42)
	at java.util.concurrent.ThreadPoolExecutor.runWorker(ThreadPoolExecutor.java:1145)
	at java.util.concurrent.ThreadPoolExecutor$Worker.run(ThreadPoolExecutor.java:615)
	at java.lang.Thread.run(Thread.java:745)

"New I/O worker #6" daemon prio=5 tid=0x00007fd2a2200800 nid=0x8903 runnable [0x000070000f74e000]
   java.lang.Thread.State: RUNNABLE
	at sun.nio.ch.KQueueArrayWrapper.kevent0(Native Method)
	at sun.nio.ch.KQueueArrayWrapper.poll(KQueueArrayWrapper.java:200)
	at sun.nio.ch.KQueueSelectorImpl.doSelect(KQueueSelectorImpl.java:103)
	at sun.nio.ch.SelectorImpl.lockAndDoSelect(SelectorImpl.java:87)
	- locked <0x0000000780da2b98> (a sun.nio.ch.Util$2)
	- locked <0x0000000780da2b88> (a java.util.Collections$UnmodifiableSet)
	- locked <0x0000000780da2a68> (a sun.nio.ch.KQueueSelectorImpl)
	at sun.nio.ch.SelectorImpl.select(SelectorImpl.java:98)
	at org.jboss.netty.channel.socket.nio.SelectorUtil.select(SelectorUtil.java:68)
	at org.jboss.netty.channel.socket.nio.AbstractNioSelector.select(AbstractNioSelector.java:434)
	at org.jboss.netty.channel.socket.nio.AbstractNioSelector.run(AbstractNioSelector.java:212)
	at org.jboss.netty.channel.socket.nio.AbstractNioWorker.run(AbstractNioWorker.java:89)
	at org.jboss.netty.channel.socket.nio.NioWorker.run(NioWorker.java:178)
	at org.jboss.netty.util.ThreadRenamingRunnable.run(ThreadRenamingRunnable.java:108)
	at org.jboss.netty.util.internal.DeadLockProofWorker$1.run(DeadLockProofWorker.java:42)
	at java.util.concurrent.ThreadPoolExecutor.runWorker(ThreadPoolExecutor.java:1145)
	at java.util.concurrent.ThreadPoolExecutor$Worker.run(ThreadPoolExecutor.java:615)
	at java.lang.Thread.run(Thread.java:745)

"New I/O worker #5" daemon prio=5 tid=0x00007fd2a2dad000 nid=0x8703 runnable [0x000070000f64b000]
   java.lang.Thread.State: RUNNABLE
	at sun.nio.ch.KQueueArrayWrapper.kevent0(Native Method)
	at sun.nio.ch.KQueueArrayWrapper.poll(KQueueArrayWrapper.java:200)
	at sun.nio.ch.KQueueSelectorImpl.doSelect(KQueueSelectorImpl.java:103)
	at sun.nio.ch.SelectorImpl.lockAndDoSelect(SelectorImpl.java:87)
	- locked <0x0000000780d9fa48> (a sun.nio.ch.Util$2)
	- locked <0x0000000780d9fa38> (a java.util.Collections$UnmodifiableSet)
	- locked <0x0000000780d9f918> (a sun.nio.ch.KQueueSelectorImpl)
	at sun.nio.ch.SelectorImpl.select(SelectorImpl.java:98)
	at org.jboss.netty.channel.socket.nio.SelectorUtil.select(SelectorUtil.java:68)
	at org.jboss.netty.channel.socket.nio.AbstractNioSelector.select(AbstractNioSelector.java:434)
	at org.jboss.netty.channel.socket.nio.AbstractNioSelector.run(AbstractNioSelector.java:212)
	at org.jboss.netty.channel.socket.nio.AbstractNioWorker.run(AbstractNioWorker.java:89)
	at org.jboss.netty.channel.socket.nio.NioWorker.run(NioWorker.java:178)
	at org.jboss.netty.util.ThreadRenamingRunnable.run(ThreadRenamingRunnable.java:108)
	at org.jboss.netty.util.internal.DeadLockProofWorker$1.run(DeadLockProofWorker.java:42)
	at java.util.concurrent.ThreadPoolExecutor.runWorker(ThreadPoolExecutor.java:1145)
	at java.util.concurrent.ThreadPoolExecutor$Worker.run(ThreadPoolExecutor.java:615)
	at java.lang.Thread.run(Thread.java:745)

"New I/O worker #4" daemon prio=5 tid=0x00007fd2a2256000 nid=0x8503 runnable [0x000070000f548000]
   java.lang.Thread.State: RUNNABLE
	at sun.nio.ch.KQueueArrayWrapper.kevent0(Native Method)
	at sun.nio.ch.KQueueArrayWrapper.poll(KQueueArrayWrapper.java:200)
	at sun.nio.ch.KQueueSelectorImpl.doSelect(KQueueSelectorImpl.java:103)
	at sun.nio.ch.SelectorImpl.lockAndDoSelect(SelectorImpl.java:87)
	- locked <0x0000000780da0750> (a sun.nio.ch.Util$2)
	- locked <0x0000000780da0740> (a java.util.Collections$UnmodifiableSet)
	- locked <0x0000000780da0620> (a sun.nio.ch.KQueueSelectorImpl)
	at sun.nio.ch.SelectorImpl.select(SelectorImpl.java:98)
	at org.jboss.netty.channel.socket.nio.SelectorUtil.select(SelectorUtil.java:68)
	at org.jboss.netty.channel.socket.nio.AbstractNioSelector.select(AbstractNioSelector.java:434)
	at org.jboss.netty.channel.socket.nio.AbstractNioSelector.run(AbstractNioSelector.java:212)
	at org.jboss.netty.channel.socket.nio.AbstractNioWorker.run(AbstractNioWorker.java:89)
	at org.jboss.netty.channel.socket.nio.NioWorker.run(NioWorker.java:178)
	at org.jboss.netty.util.ThreadRenamingRunnable.run(ThreadRenamingRunnable.java:108)
	at org.jboss.netty.util.internal.DeadLockProofWorker$1.run(DeadLockProofWorker.java:42)
	at java.util.concurrent.ThreadPoolExecutor.runWorker(ThreadPoolExecutor.java:1145)
	at java.util.concurrent.ThreadPoolExecutor$Worker.run(ThreadPoolExecutor.java:615)
	at java.lang.Thread.run(Thread.java:745)

"New I/O worker #3" daemon prio=5 tid=0x00007fd2a24f2000 nid=0x7e73 runnable [0x000070000f445000]
   java.lang.Thread.State: RUNNABLE
	at sun.nio.ch.KQueueArrayWrapper.kevent0(Native Method)
	at sun.nio.ch.KQueueArrayWrapper.poll(KQueueArrayWrapper.java:200)
	at sun.nio.ch.KQueueSelectorImpl.doSelect(KQueueSelectorImpl.java:103)
	at sun.nio.ch.SelectorImpl.lockAndDoSelect(SelectorImpl.java:87)
	- locked <0x0000000780da2ff0> (a sun.nio.ch.Util$2)
	- locked <0x0000000780da2fe0> (a java.util.Collections$UnmodifiableSet)
	- locked <0x0000000780da2ec0> (a sun.nio.ch.KQueueSelectorImpl)
	at sun.nio.ch.SelectorImpl.select(SelectorImpl.java:98)
	at org.jboss.netty.channel.socket.nio.SelectorUtil.select(SelectorUtil.java:68)
	at org.jboss.netty.channel.socket.nio.AbstractNioSelector.select(AbstractNioSelector.java:434)
	at org.jboss.netty.channel.socket.nio.AbstractNioSelector.run(AbstractNioSelector.java:212)
	at org.jboss.netty.channel.socket.nio.AbstractNioWorker.run(AbstractNioWorker.java:89)
	at org.jboss.netty.channel.socket.nio.NioWorker.run(NioWorker.java:178)
	at org.jboss.netty.util.ThreadRenamingRunnable.run(ThreadRenamingRunnable.java:108)
	at org.jboss.netty.util.internal.DeadLockProofWorker$1.run(DeadLockProofWorker.java:42)
	at java.util.concurrent.ThreadPoolExecutor.runWorker(ThreadPoolExecutor.java:1145)
	at java.util.concurrent.ThreadPoolExecutor$Worker.run(ThreadPoolExecutor.java:615)
	at java.lang.Thread.run(Thread.java:745)

"New I/O worker #2" daemon prio=5 tid=0x00007fd2a2d26800 nid=0x7f73 runnable [0x000070000f342000]
   java.lang.Thread.State: RUNNABLE
	at sun.nio.ch.KQueueArrayWrapper.kevent0(Native Method)
	at sun.nio.ch.KQueueArrayWrapper.poll(KQueueArrayWrapper.java:200)
	at sun.nio.ch.KQueueSelectorImpl.doSelect(KQueueSelectorImpl.java:103)
	at sun.nio.ch.SelectorImpl.lockAndDoSelect(SelectorImpl.java:87)
	- locked <0x0000000780d9f5f0> (a sun.nio.ch.Util$2)
	- locked <0x0000000780d9f5e0> (a java.util.Collections$UnmodifiableSet)
	- locked <0x0000000780d9f4c0> (a sun.nio.ch.KQueueSelectorImpl)
	at sun.nio.ch.SelectorImpl.select(SelectorImpl.java:98)
	at org.jboss.netty.channel.socket.nio.SelectorUtil.select(SelectorUtil.java:68)
	at org.jboss.netty.channel.socket.nio.AbstractNioSelector.select(AbstractNioSelector.java:434)
	at org.jboss.netty.channel.socket.nio.AbstractNioSelector.run(AbstractNioSelector.java:212)
	at org.jboss.netty.channel.socket.nio.AbstractNioWorker.run(AbstractNioWorker.java:89)
	at org.jboss.netty.channel.socket.nio.NioWorker.run(NioWorker.java:178)
	at org.jboss.netty.util.ThreadRenamingRunnable.run(ThreadRenamingRunnable.java:108)
	at org.jboss.netty.util.internal.DeadLockProofWorker$1.run(DeadLockProofWorker.java:42)
	at java.util.concurrent.ThreadPoolExecutor.runWorker(ThreadPoolExecutor.java:1145)
	at java.util.concurrent.ThreadPoolExecutor$Worker.run(ThreadPoolExecutor.java:615)
	at java.lang.Thread.run(Thread.java:745)

"New I/O worker #1" daemon prio=5 tid=0x00007fd2a34d7800 nid=0x7973 runnable [0x000070000f23f000]
   java.lang.Thread.State: RUNNABLE
	at sun.nio.ch.KQueueArrayWrapper.kevent0(Native Method)
	at sun.nio.ch.KQueueArrayWrapper.poll(KQueueArrayWrapper.java:200)
	at sun.nio.ch.KQueueSelectorImpl.doSelect(KQueueSelectorImpl.java:103)
	at sun.nio.ch.SelectorImpl.lockAndDoSelect(SelectorImpl.java:87)
	- locked <0x0000000780d9f198> (a sun.nio.ch.Util$2)
	- locked <0x0000000780d9f188> (a java.util.Collections$UnmodifiableSet)
	- locked <0x0000000780d9f068> (a sun.nio.ch.KQueueSelectorImpl)
	at sun.nio.ch.SelectorImpl.select(SelectorImpl.java:98)
	at org.jboss.netty.channel.socket.nio.SelectorUtil.select(SelectorUtil.java:68)
	at org.jboss.netty.channel.socket.nio.AbstractNioSelector.select(AbstractNioSelector.java:434)
	at org.jboss.netty.channel.socket.nio.AbstractNioSelector.run(AbstractNioSelector.java:212)
	at org.jboss.netty.channel.socket.nio.AbstractNioWorker.run(AbstractNioWorker.java:89)
	at org.jboss.netty.channel.socket.nio.NioWorker.run(NioWorker.java:178)
	at org.jboss.netty.util.ThreadRenamingRunnable.run(ThreadRenamingRunnable.java:108)
	at org.jboss.netty.util.internal.DeadLockProofWorker$1.run(DeadLockProofWorker.java:42)
	at java.util.concurrent.ThreadPoolExecutor.runWorker(ThreadPoolExecutor.java:1145)
	at java.util.concurrent.ThreadPoolExecutor$Worker.run(ThreadPoolExecutor.java:615)
	at java.lang.Thread.run(Thread.java:745)

"Hashed wheel timer #1" prio=5 tid=0x00007fd2a342e800 nid=0x8447 waiting on condition [0x000070000f13c000]
   java.lang.Thread.State: TIMED_WAITING (sleeping)
	at java.lang.Thread.sleep(Native Method)
	at org.jboss.netty.util.HashedWheelTimer$Worker.waitForNextTick(HashedWheelTimer.java:445)
	at org.jboss.netty.util.HashedWheelTimer$Worker.run(HashedWheelTimer.java:364)
	at org.jboss.netty.util.ThreadRenamingRunnable.run(ThreadRenamingRunnable.java:108)
	at java.lang.Thread.run(Thread.java:745)

"telnetconsole.Listener" daemon prio=5 tid=0x00007fd2a31ed000 nid=0x8223 runnable [0x000070000f039000]
   java.lang.Thread.State: RUNNABLE
	at java.net.PlainSocketImpl.socketAccept(Native Method)
	at java.net.AbstractPlainSocketImpl.accept(AbstractPlainSocketImpl.java:398)
	at java.net.ServerSocket.implAccept(ServerSocket.java:530)
	at java.net.ServerSocket.accept(ServerSocket.java:498)
	at org.apache.felix.shell.remote.Listener$Acceptor.run(Listener.java:150)
	at java.lang.Thread.run(Thread.java:745)

"[iPOJO] pool-1-thread-1" daemon prio=5 tid=0x00007fd2a31fa800 nid=0x7c0f waiting on condition [0x000070000ef36000]
   java.lang.Thread.State: WAITING (parking)
	at sun.misc.Unsafe.park(Native Method)
	- parking to wait for  <0x00000007800ab978> (a java.util.concurrent.locks.AbstractQueuedSynchronizer$ConditionObject)
	at java.util.concurrent.locks.LockSupport.park(LockSupport.java:186)
	at java.util.concurrent.locks.AbstractQueuedSynchronizer$ConditionObject.await(AbstractQueuedSynchronizer.java:2043)
	at java.util.concurrent.LinkedBlockingQueue.take(LinkedBlockingQueue.java:442)
	at java.util.concurrent.ThreadPoolExecutor.getTask(ThreadPoolExecutor.java:1068)
	at java.util.concurrent.ThreadPoolExecutor.runWorker(ThreadPoolExecutor.java:1130)
	at java.util.concurrent.ThreadPoolExecutor$Worker.run(ThreadPoolExecutor.java:615)
	at java.lang.Thread.run(Thread.java:745)

"org.eclipse.jetty.server.session.HashSessionManager@2af15cf1Timer" daemon prio=5 tid=0x00007fd2a21e8800 nid=0x7703 waiting on condition [0x000070000ee33000]
   java.lang.Thread.State: TIMED_WAITING (parking)
	at sun.misc.Unsafe.park(Native Method)
	- parking to wait for  <0x0000000780d21980> (a java.util.concurrent.locks.AbstractQueuedSynchronizer$ConditionObject)
	at java.util.concurrent.locks.LockSupport.parkNanos(LockSupport.java:226)
	at java.util.concurrent.locks.AbstractQueuedSynchronizer$ConditionObject.awaitNanos(AbstractQueuedSynchronizer.java:2082)
	at java.util.concurrent.ScheduledThreadPoolExecutor$DelayedWorkQueue.take(ScheduledThreadPoolExecutor.java:1090)
	at java.util.concurrent.ScheduledThreadPoolExecutor$DelayedWorkQueue.take(ScheduledThreadPoolExecutor.java:807)
	at java.util.concurrent.ThreadPoolExecutor.getTask(ThreadPoolExecutor.java:1068)
	at java.util.concurrent.ThreadPoolExecutor.runWorker(ThreadPoolExecutor.java:1130)
	at java.util.concurrent.ThreadPoolExecutor$Worker.run(ThreadPoolExecutor.java:615)
	at java.lang.Thread.run(Thread.java:745)

"qtp371877246-100" prio=5 tid=0x00007fd2a2826000 nid=0x7503 waiting on condition [0x000070000ed30000]
   java.lang.Thread.State: TIMED_WAITING (parking)
	at sun.misc.Unsafe.park(Native Method)
	- parking to wait for  <0x0000000780d1d310> (a java.util.concurrent.locks.AbstractQueuedSynchronizer$ConditionObject)
	at java.util.concurrent.locks.LockSupport.parkNanos(LockSupport.java:226)
	at java.util.concurrent.locks.AbstractQueuedSynchronizer$ConditionObject.awaitNanos(AbstractQueuedSynchronizer.java:2082)
	at org.eclipse.jetty.util.BlockingArrayQueue.poll(BlockingArrayQueue.java:389)
	at org.eclipse.jetty.util.thread.QueuedThreadPool.idleJobPoll(QueuedThreadPool.java:531)
	at org.eclipse.jetty.util.thread.QueuedThreadPool.access$700(QueuedThreadPool.java:47)
	at org.eclipse.jetty.util.thread.QueuedThreadPool$3.run(QueuedThreadPool.java:590)
	at java.lang.Thread.run(Thread.java:745)

"qtp371877246-99" prio=5 tid=0x00007fd2a31fa000 nid=0x7303 waiting on condition [0x000070000ec2d000]
   java.lang.Thread.State: TIMED_WAITING (parking)
	at sun.misc.Unsafe.park(Native Method)
	- parking to wait for  <0x0000000780d1d310> (a java.util.concurrent.locks.AbstractQueuedSynchronizer$ConditionObject)
	at java.util.concurrent.locks.LockSupport.parkNanos(LockSupport.java:226)
	at java.util.concurrent.locks.AbstractQueuedSynchronizer$ConditionObject.awaitNanos(AbstractQueuedSynchronizer.java:2082)
	at org.eclipse.jetty.util.BlockingArrayQueue.poll(BlockingArrayQueue.java:389)
	at org.eclipse.jetty.util.thread.QueuedThreadPool.idleJobPoll(QueuedThreadPool.java:531)
	at org.eclipse.jetty.util.thread.QueuedThreadPool.access$700(QueuedThreadPool.java:47)
	at org.eclipse.jetty.util.thread.QueuedThreadPool$3.run(QueuedThreadPool.java:590)
	at java.lang.Thread.run(Thread.java:745)

"qtp371877246-98" prio=5 tid=0x00007fd2a2825800 nid=0x7103 waiting on condition [0x000070000eb2a000]
   java.lang.Thread.State: TIMED_WAITING (parking)
	at sun.misc.Unsafe.park(Native Method)
	- parking to wait for  <0x0000000780d1d310> (a java.util.concurrent.locks.AbstractQueuedSynchronizer$ConditionObject)
	at java.util.concurrent.locks.LockSupport.parkNanos(LockSupport.java:226)
	at java.util.concurrent.locks.AbstractQueuedSynchronizer$ConditionObject.awaitNanos(AbstractQueuedSynchronizer.java:2082)
	at org.eclipse.jetty.util.BlockingArrayQueue.poll(BlockingArrayQueue.java:389)
	at org.eclipse.jetty.util.thread.QueuedThreadPool.idleJobPoll(QueuedThreadPool.java:531)
	at org.eclipse.jetty.util.thread.QueuedThreadPool.access$700(QueuedThreadPool.java:47)
	at org.eclipse.jetty.util.thread.QueuedThreadPool$3.run(QueuedThreadPool.java:590)
	at java.lang.Thread.run(Thread.java:745)

"qtp371877246-97" prio=5 tid=0x00007fd2a281e000 nid=0x6f03 waiting on condition [0x000070000ea27000]
   java.lang.Thread.State: TIMED_WAITING (parking)
	at sun.misc.Unsafe.park(Native Method)
	- parking to wait for  <0x0000000780d1d310> (a java.util.concurrent.locks.AbstractQueuedSynchronizer$ConditionObject)
	at java.util.concurrent.locks.LockSupport.parkNanos(LockSupport.java:226)
	at java.util.concurrent.locks.AbstractQueuedSynchronizer$ConditionObject.awaitNanos(AbstractQueuedSynchronizer.java:2082)
	at org.eclipse.jetty.util.BlockingArrayQueue.poll(BlockingArrayQueue.java:389)
	at org.eclipse.jetty.util.thread.QueuedThreadPool.idleJobPoll(QueuedThreadPool.java:531)
	at org.eclipse.jetty.util.thread.QueuedThreadPool.access$700(QueuedThreadPool.java:47)
	at org.eclipse.jetty.util.thread.QueuedThreadPool$3.run(QueuedThreadPool.java:590)
	at java.lang.Thread.run(Thread.java:745)

"qtp371877246-96" prio=5 tid=0x00007fd2a2b0a000 nid=0x6917 waiting on condition [0x000070000e924000]
   java.lang.Thread.State: TIMED_WAITING (parking)
	at sun.misc.Unsafe.park(Native Method)
	- parking to wait for  <0x0000000780d1d310> (a java.util.concurrent.locks.AbstractQueuedSynchronizer$ConditionObject)
	at java.util.concurrent.locks.LockSupport.parkNanos(LockSupport.java:226)
	at java.util.concurrent.locks.AbstractQueuedSynchronizer$ConditionObject.awaitNanos(AbstractQueuedSynchronizer.java:2082)
	at org.eclipse.jetty.util.BlockingArrayQueue.poll(BlockingArrayQueue.java:389)
	at org.eclipse.jetty.util.thread.QueuedThreadPool.idleJobPoll(QueuedThreadPool.java:531)
	at org.eclipse.jetty.util.thread.QueuedThreadPool.access$700(QueuedThreadPool.java:47)
	at org.eclipse.jetty.util.thread.QueuedThreadPool$3.run(QueuedThreadPool.java:590)
	at java.lang.Thread.run(Thread.java:745)

"qtp371877246-95-acceptor-0@69fba118-ServerConnector@5ec3cb07{HTTP/1.1}{0.0.0.0:8000}" prio=5 tid=0x00007fd2a1914800 nid=0x6d13 runnable [0x000070000e821000]
   java.lang.Thread.State: RUNNABLE
	at sun.nio.ch.ServerSocketChannelImpl.accept0(Native Method)
	at sun.nio.ch.ServerSocketChannelImpl.accept(ServerSocketChannelImpl.java:241)
	- locked <0x0000000780d130a8> (a java.lang.Object)
	at org.eclipse.jetty.server.ServerConnector.accept(ServerConnector.java:377)
	at org.eclipse.jetty.server.AbstractConnector$Acceptor.run(AbstractConnector.java:500)
	at org.eclipse.jetty.util.thread.QueuedThreadPool.runJob(QueuedThreadPool.java:635)
	at org.eclipse.jetty.util.thread.QueuedThreadPool$3.run(QueuedThreadPool.java:555)
	at java.lang.Thread.run(Thread.java:745)

"qtp371877246-94-selector-ServerConnectorManager@147cd6de/0" prio=5 tid=0x00007fd2a2293000 nid=0x6617 runnable [0x000070000e71e000]
   java.lang.Thread.State: RUNNABLE
	at sun.nio.ch.KQueueArrayWrapper.kevent0(Native Method)
	at sun.nio.ch.KQueueArrayWrapper.poll(KQueueArrayWrapper.java:200)
	at sun.nio.ch.KQueueSelectorImpl.doSelect(KQueueSelectorImpl.java:103)
	at sun.nio.ch.SelectorImpl.lockAndDoSelect(SelectorImpl.java:87)
	- locked <0x0000000780d1ce80> (a sun.nio.ch.Util$2)
	- locked <0x0000000780d1ce70> (a java.util.Collections$UnmodifiableSet)
	- locked <0x0000000780d13d00> (a sun.nio.ch.KQueueSelectorImpl)
	at sun.nio.ch.SelectorImpl.select(SelectorImpl.java:98)
	at sun.nio.ch.SelectorImpl.select(SelectorImpl.java:102)
	at org.eclipse.jetty.io.SelectorManager$ManagedSelector.select(SelectorManager.java:600)
	at org.eclipse.jetty.io.SelectorManager$ManagedSelector.run(SelectorManager.java:549)
	at org.eclipse.jetty.util.thread.NonBlockingThread.run(NonBlockingThread.java:52)
	at org.eclipse.jetty.util.thread.QueuedThreadPool.runJob(QueuedThreadPool.java:635)
	at org.eclipse.jetty.util.thread.QueuedThreadPool$3.run(QueuedThreadPool.java:555)
	at java.lang.Thread.run(Thread.java:745)

"qtp371877246-93-selector-ServerConnectorManager@147cd6de/1" prio=5 tid=0x00007fd2a21ef800 nid=0x681b runnable [0x000070000e61b000]
   java.lang.Thread.State: RUNNABLE
	at sun.nio.ch.KQueueArrayWrapper.kevent0(Native Method)
	at sun.nio.ch.KQueueArrayWrapper.poll(KQueueArrayWrapper.java:200)
	at sun.nio.ch.KQueueSelectorImpl.doSelect(KQueueSelectorImpl.java:103)
	at sun.nio.ch.SelectorImpl.lockAndDoSelect(SelectorImpl.java:87)
	- locked <0x0000000780d138e0> (a sun.nio.ch.Util$2)
	- locked <0x0000000780d138d0> (a java.util.Collections$UnmodifiableSet)
	- locked <0x0000000780d137b0> (a sun.nio.ch.KQueueSelectorImpl)
	at sun.nio.ch.SelectorImpl.select(SelectorImpl.java:98)
	at sun.nio.ch.SelectorImpl.select(SelectorImpl.java:102)
	at org.eclipse.jetty.io.SelectorManager$ManagedSelector.select(SelectorManager.java:600)
	at org.eclipse.jetty.io.SelectorManager$ManagedSelector.run(SelectorManager.java:549)
	at org.eclipse.jetty.util.thread.NonBlockingThread.run(NonBlockingThread.java:52)
	at org.eclipse.jetty.util.thread.QueuedThreadPool.runJob(QueuedThreadPool.java:635)
	at org.eclipse.jetty.util.thread.QueuedThreadPool$3.run(QueuedThreadPool.java:555)
	at java.lang.Thread.run(Thread.java:745)

"Gogo shell" daemon prio=5 tid=0x00007fd2a2ae7000 nid=0x6707 runnable [0x000070000e517000]
   java.lang.Thread.State: RUNNABLE
	at java.io.FileInputStream.readBytes(Native Method)
	at java.io.FileInputStream.read(FileInputStream.java:272)
	at java.io.BufferedInputStream.fill(BufferedInputStream.java:235)
	at java.io.BufferedInputStream.read(BufferedInputStream.java:254)
	- locked <0x000000078093a8e8> (a java.io.BufferedInputStream)
	at org.apache.felix.gogo.runtime.threadio.ThreadInputStream.read(ThreadInputStream.java:57)
	at org.apache.felix.gogo.shell.Console.getLine(Console.java:149)
	at org.apache.felix.gogo.shell.Console.run(Console.java:51)
	at org.apache.felix.gogo.shell.Shell.console(Shell.java:212)
	at org.apache.felix.gogo.shell.Shell.gosh(Shell.java:137)
	at sun.reflect.NativeMethodAccessorImpl.invoke0(Native Method)
	at sun.reflect.NativeMethodAccessorImpl.invoke(NativeMethodAccessorImpl.java:57)
	at sun.reflect.DelegatingMethodAccessorImpl.invoke(DelegatingMethodAccessorImpl.java:43)
	at java.lang.reflect.Method.invoke(Method.java:606)
	at org.apache.felix.gogo.runtime.Reflective.invoke(Reflective.java:137)
	at org.apache.felix.gogo.runtime.CommandProxy.execute(CommandProxy.java:82)
	at org.apache.felix.gogo.runtime.Closure.executeCmd(Closure.java:480)
	at org.apache.felix.gogo.runtime.Closure.executeStatement(Closure.java:406)
	at org.apache.felix.gogo.runtime.Pipe.run(Pipe.java:108)
	at org.apache.felix.gogo.runtime.Closure.execute(Closure.java:182)
	at org.apache.felix.gogo.runtime.Closure.execute(Closure.java:119)
	at org.apache.felix.gogo.runtime.CommandSessionImpl.execute(CommandSessionImpl.java:94)
	at org.apache.felix.gogo.shell.Activator$StartShellJob.run(Activator.java:179)
	at java.util.concurrent.Executors$RunnableAdapter.call(Executors.java:471)
	at java.util.concurrent.FutureTask.run(FutureTask.java:262)
	at java.util.concurrent.ThreadPoolExecutor.runWorker(ThreadPoolExecutor.java:1145)
	at java.util.concurrent.ThreadPoolExecutor$Worker.run(ThreadPoolExecutor.java:615)
	at java.lang.Thread.run(Thread.java:745)

"Thread-10" daemon prio=5 tid=0x00007fd2a1904000 nid=0x6303 waiting on condition [0x000070000e415000]
   java.lang.Thread.State: WAITING (parking)
	at sun.misc.Unsafe.park(Native Method)
	- parking to wait for  <0x0000000780c8bc78> (a java.util.concurrent.locks.AbstractQueuedSynchronizer$ConditionObject)
	at java.util.concurrent.locks.LockSupport.park(LockSupport.java:186)
	at java.util.concurrent.locks.AbstractQueuedSynchronizer$ConditionObject.await(AbstractQueuedSynchronizer.java:2043)
	at java.util.concurrent.LinkedBlockingQueue.take(LinkedBlockingQueue.java:442)
	at java.util.concurrent.ThreadPoolExecutor.getTask(ThreadPoolExecutor.java:1068)
	at java.util.concurrent.ThreadPoolExecutor.runWorker(ThreadPoolExecutor.java:1130)
	at java.util.concurrent.ThreadPoolExecutor$Worker.run(ThreadPoolExecutor.java:615)
	at java.lang.Thread.run(Thread.java:745)

"Thread-9" daemon prio=5 tid=0x00007fd2a31c9000 nid=0x6103 waiting on condition [0x000070000e312000]
   java.lang.Thread.State: WAITING (parking)
	at sun.misc.Unsafe.park(Native Method)
	- parking to wait for  <0x0000000780c8bc78> (a java.util.concurrent.locks.AbstractQueuedSynchronizer$ConditionObject)
	at java.util.concurrent.locks.LockSupport.park(LockSupport.java:186)
	at java.util.concurrent.locks.AbstractQueuedSynchronizer$ConditionObject.await(AbstractQueuedSynchronizer.java:2043)
	at java.util.concurrent.LinkedBlockingQueue.take(LinkedBlockingQueue.java:442)
	at java.util.concurrent.ThreadPoolExecutor.getTask(ThreadPoolExecutor.java:1068)
	at java.util.concurrent.ThreadPoolExecutor.runWorker(ThreadPoolExecutor.java:1130)
	at java.util.concurrent.ThreadPoolExecutor$Worker.run(ThreadPoolExecutor.java:615)
	at java.lang.Thread.run(Thread.java:745)

"Thread-7" daemon prio=5 tid=0x00007fd2a31ec000 nid=0x5f03 waiting on condition [0x000070000e20f000]
   java.lang.Thread.State: WAITING (parking)
	at sun.misc.Unsafe.park(Native Method)
	- parking to wait for  <0x0000000780c8bc78> (a java.util.concurrent.locks.AbstractQueuedSynchronizer$ConditionObject)
	at java.util.concurrent.locks.LockSupport.park(LockSupport.java:186)
	at java.util.concurrent.locks.AbstractQueuedSynchronizer$ConditionObject.await(AbstractQueuedSynchronizer.java:2043)
	at java.util.concurrent.LinkedBlockingQueue.take(LinkedBlockingQueue.java:442)
	at java.util.concurrent.ThreadPoolExecutor.getTask(ThreadPoolExecutor.java:1068)
	at java.util.concurrent.ThreadPoolExecutor.runWorker(ThreadPoolExecutor.java:1130)
	at java.util.concurrent.ThreadPoolExecutor$Worker.run(ThreadPoolExecutor.java:615)
	at java.lang.Thread.run(Thread.java:745)

"Thread-6" daemon prio=5 tid=0x00007fd2a3050000 nid=0x5d03 waiting on condition [0x000070000e10c000]
   java.lang.Thread.State: WAITING (parking)
	at sun.misc.Unsafe.park(Native Method)
	- parking to wait for  <0x0000000780c8bc78> (a java.util.concurrent.locks.AbstractQueuedSynchronizer$ConditionObject)
	at java.util.concurrent.locks.LockSupport.park(LockSupport.java:186)
	at java.util.concurrent.locks.AbstractQueuedSynchronizer$ConditionObject.await(AbstractQueuedSynchronizer.java:2043)
	at java.util.concurrent.LinkedBlockingQueue.take(LinkedBlockingQueue.java:442)
	at java.util.concurrent.ThreadPoolExecutor.getTask(ThreadPoolExecutor.java:1068)
	at java.util.concurrent.ThreadPoolExecutor.runWorker(ThreadPoolExecutor.java:1130)
	at java.util.concurrent.ThreadPoolExecutor$Worker.run(ThreadPoolExecutor.java:615)
	at java.lang.Thread.run(Thread.java:745)

"Thread-5" daemon prio=5 tid=0x00007fd2a21c2000 nid=0x5b03 waiting on condition [0x000070000e009000]
   java.lang.Thread.State: WAITING (parking)
	at sun.misc.Unsafe.park(Native Method)
	- parking to wait for  <0x0000000780c8bc78> (a java.util.concurrent.locks.AbstractQueuedSynchronizer$ConditionObject)
	at java.util.concurrent.locks.LockSupport.park(LockSupport.java:186)
	at java.util.concurrent.locks.AbstractQueuedSynchronizer$ConditionObject.await(AbstractQueuedSynchronizer.java:2043)
	at java.util.concurrent.LinkedBlockingQueue.take(LinkedBlockingQueue.java:442)
	at java.util.concurrent.ThreadPoolExecutor.getTask(ThreadPoolExecutor.java:1068)
	at java.util.concurrent.ThreadPoolExecutor.runWorker(ThreadPoolExecutor.java:1130)
	at java.util.concurrent.ThreadPoolExecutor$Worker.run(ThreadPoolExecutor.java:615)
	at java.lang.Thread.run(Thread.java:745)

"Thread-4" daemon prio=5 tid=0x00007fd2a21c3800 nid=0x5903 waiting on condition [0x000070000df06000]
   java.lang.Thread.State: WAITING (parking)
	at sun.misc.Unsafe.park(Native Method)
	- parking to wait for  <0x0000000780c8bc78> (a java.util.concurrent.locks.AbstractQueuedSynchronizer$ConditionObject)
	at java.util.concurrent.locks.LockSupport.park(LockSupport.java:186)
	at java.util.concurrent.locks.AbstractQueuedSynchronizer$ConditionObject.await(AbstractQueuedSynchronizer.java:2043)
	at java.util.concurrent.LinkedBlockingQueue.take(LinkedBlockingQueue.java:442)
	at java.util.concurrent.ThreadPoolExecutor.getTask(ThreadPoolExecutor.java:1068)
	at java.util.concurrent.ThreadPoolExecutor.runWorker(ThreadPoolExecutor.java:1130)
	at java.util.concurrent.ThreadPoolExecutor$Worker.run(ThreadPoolExecutor.java:615)
	at java.lang.Thread.run(Thread.java:745)

"Thread-3" daemon prio=5 tid=0x00007fd2a2193000 nid=0x5523 waiting on condition [0x000070000de03000]
   java.lang.Thread.State: WAITING (parking)
	at sun.misc.Unsafe.park(Native Method)
	- parking to wait for  <0x0000000780c8bc78> (a java.util.concurrent.locks.AbstractQueuedSynchronizer$ConditionObject)
	at java.util.concurrent.locks.LockSupport.park(LockSupport.java:186)
	at java.util.concurrent.locks.AbstractQueuedSynchronizer$ConditionObject.await(AbstractQueuedSynchronizer.java:2043)
	at java.util.concurrent.LinkedBlockingQueue.take(LinkedBlockingQueue.java:442)
	at java.util.concurrent.ThreadPoolExecutor.getTask(ThreadPoolExecutor.java:1068)
	at java.util.concurrent.ThreadPoolExecutor.runWorker(ThreadPoolExecutor.java:1130)
	at java.util.concurrent.ThreadPoolExecutor$Worker.run(ThreadPoolExecutor.java:615)
	at java.lang.Thread.run(Thread.java:745)

"Thread-2" daemon prio=5 tid=0x00007fd2a18b7800 nid=0x5227 waiting on condition [0x000070000dd00000]
   java.lang.Thread.State: WAITING (parking)
	at sun.misc.Unsafe.park(Native Method)
	- parking to wait for  <0x0000000780c8bc78> (a java.util.concurrent.locks.AbstractQueuedSynchronizer$ConditionObject)
	at java.util.concurrent.locks.LockSupport.park(LockSupport.java:186)
	at java.util.concurrent.locks.AbstractQueuedSynchronizer$ConditionObject.await(AbstractQueuedSynchronizer.java:2043)
	at java.util.concurrent.LinkedBlockingQueue.take(LinkedBlockingQueue.java:442)
	at java.util.concurrent.ThreadPoolExecutor.getTask(ThreadPoolExecutor.java:1068)
	at java.util.concurrent.ThreadPoolExecutor.runWorker(ThreadPoolExecutor.java:1130)
	at java.util.concurrent.ThreadPoolExecutor$Worker.run(ThreadPoolExecutor.java:615)
	at java.lang.Thread.run(Thread.java:745)

"Thread-1" daemon prio=5 tid=0x00007fd2a21bf000 nid=0x5127 waiting on condition [0x000070000dbfd000]
   java.lang.Thread.State: WAITING (parking)
	at sun.misc.Unsafe.park(Native Method)
	- parking to wait for  <0x0000000780c8bc78> (a java.util.concurrent.locks.AbstractQueuedSynchronizer$ConditionObject)
	at java.util.concurrent.locks.LockSupport.park(LockSupport.java:186)
	at java.util.concurrent.locks.AbstractQueuedSynchronizer$ConditionObject.await(AbstractQueuedSynchronizer.java:2043)
	at java.util.concurrent.LinkedBlockingQueue.take(LinkedBlockingQueue.java:442)
	at java.util.concurrent.ThreadPoolExecutor.getTask(ThreadPoolExecutor.java:1068)
	at java.util.concurrent.ThreadPoolExecutor.runWorker(ThreadPoolExecutor.java:1130)
	at java.util.concurrent.ThreadPoolExecutor$Worker.run(ThreadPoolExecutor.java:615)
	at java.lang.Thread.run(Thread.java:745)

"Thread-0" daemon prio=5 tid=0x00007fd2a3099000 nid=0x5623 waiting on condition [0x000070000dafa000]
   java.lang.Thread.State: WAITING (parking)
	at sun.misc.Unsafe.park(Native Method)
	- parking to wait for  <0x0000000780c8bc78> (a java.util.concurrent.locks.AbstractQueuedSynchronizer$ConditionObject)
	at java.util.concurrent.locks.LockSupport.park(LockSupport.java:186)
	at java.util.concurrent.locks.AbstractQueuedSynchronizer$ConditionObject.await(AbstractQueuedSynchronizer.java:2043)
	at java.util.concurrent.LinkedBlockingQueue.take(LinkedBlockingQueue.java:442)
	at java.util.concurrent.ThreadPoolExecutor.getTask(ThreadPoolExecutor.java:1068)
	at java.util.concurrent.ThreadPoolExecutor.runWorker(ThreadPoolExecutor.java:1130)
	at java.util.concurrent.ThreadPoolExecutor$Worker.run(ThreadPoolExecutor.java:615)
	at java.lang.Thread.run(Thread.java:745)

"FelixStartLevel" daemon prio=5 tid=0x00007fd2a299e800 nid=0x4f07 in Object.wait() [0x000070000d9f7000]
   java.lang.Thread.State: WAITING (on object monitor)
	at java.lang.Object.wait(Native Method)
	- waiting on <0x0000000780ca1ea0> (a java.util.ArrayList)
	at java.lang.Object.wait(Object.java:503)
	at org.apache.felix.framework.FrameworkStartLevelImpl.run(FrameworkStartLevelImpl.java:283)
	- locked <0x0000000780ca1ea0> (a java.util.ArrayList)
	at java.lang.Thread.run(Thread.java:745)

"FelixFrameworkWiring" daemon prio=5 tid=0x00007fd2a209e000 nid=0x4d07 in Object.wait() [0x000070000d8f4000]
   java.lang.Thread.State: WAITING (on object monitor)
	at java.lang.Object.wait(Native Method)
	- waiting on <0x0000000780426bc0> (a java.util.ArrayList)
	at java.lang.Object.wait(Object.java:503)
	at org.apache.felix.framework.FrameworkWiringImpl.run(FrameworkWiringImpl.java:172)
	- locked <0x0000000780426bc0> (a java.util.ArrayList)
	at java.lang.Thread.run(Thread.java:745)

"FelixDispatchQueue" prio=5 tid=0x00007fd2a303a800 nid=0x4b03 in Object.wait() [0x000070000d7f1000]
   java.lang.Thread.State: WAITING (on object monitor)
	at java.lang.Object.wait(Native Method)
	- waiting on <0x0000000780a79fa0> (a java.util.ArrayList)
	at java.lang.Object.wait(Object.java:503)
	at org.apache.felix.framework.util.EventDispatcher.run(EventDispatcher.java:1123)
	- locked <0x0000000780a79fa0> (a java.util.ArrayList)
	at org.apache.felix.framework.util.EventDispatcher.access$000(EventDispatcher.java:55)
	at org.apache.felix.framework.util.EventDispatcher$1.run(EventDispatcher.java:103)
	at java.lang.Thread.run(Thread.java:745)

"Service Thread" daemon prio=5 tid=0x00007fd2a1822000 nid=0x4703 runnable [0x0000000000000000]
   java.lang.Thread.State: RUNNABLE

"C2 CompilerThread1" daemon prio=5 tid=0x00007fd2a2022000 nid=0x4503 waiting on condition [0x0000000000000000]
   java.lang.Thread.State: RUNNABLE

"C2 CompilerThread0" daemon prio=5 tid=0x00007fd2a200f000 nid=0x4303 waiting on condition [0x0000000000000000]
   java.lang.Thread.State: RUNNABLE

"Signal Dispatcher" daemon prio=5 tid=0x00007fd2a3039800 nid=0x4103 runnable [0x0000000000000000]
   java.lang.Thread.State: RUNNABLE

"Finalizer" daemon prio=5 tid=0x00007fd2a180c800 nid=0x3103 in Object.wait() [0x000070000d1df000]
   java.lang.Thread.State: WAITING (on object monitor)
	at java.lang.Object.wait(Native Method)
	- waiting on <0x0000000780125d80> (a java.lang.ref.ReferenceQueue$Lock)
	at java.lang.ref.ReferenceQueue.remove(ReferenceQueue.java:135)
	- locked <0x0000000780125d80> (a java.lang.ref.ReferenceQueue$Lock)
	at java.lang.ref.ReferenceQueue.remove(ReferenceQueue.java:151)
	at java.lang.ref.Finalizer$FinalizerThread.run(Finalizer.java:209)

"Reference Handler" daemon prio=5 tid=0x00007fd2a180b800 nid=0x2f03 in Object.wait() [0x000070000d0dc000]
   java.lang.Thread.State: WAITING (on object monitor)
	at java.lang.Object.wait(Native Method)
	- waiting on <0x00000007801258e0> (a java.lang.ref.Reference$Lock)
	at java.lang.Object.wait(Object.java:503)
	at java.lang.ref.Reference$ReferenceHandler.run(Reference.java:133)
	- locked <0x00000007801258e0> (a java.lang.ref.Reference$Lock)

"main" prio=5 tid=0x00007fd2a2000800 nid=0x1c03 in Object.wait() [0x000070000caca000]
   java.lang.Thread.State: WAITING (on object monitor)
	at java.lang.Object.wait(Native Method)
	- waiting on <0x0000000780134720> (a org.apache.felix.framework.util.ThreadGate)
	at org.apache.felix.framework.util.ThreadGate.await(ThreadGate.java:79)
	- locked <0x0000000780134720> (a org.apache.felix.framework.util.ThreadGate)
	at org.apache.felix.framework.Felix.waitForStop(Felix.java:1073)
	at onight.ofw.starter.Main.doMain(Main.java:138)
	at onight.ofw.starter.Main.main(Main.java:42)

"VM Thread" prio=5 tid=0x00007fd2a1803800 nid=0x2d03 runnable 

"GC task thread#0 (ParallelGC)" prio=5 tid=0x00007fd2a3001000 nid=0x2503 runnable 

"GC task thread#1 (ParallelGC)" prio=5 tid=0x00007fd2a3001800 nid=0x2703 runnable 

"GC task thread#2 (ParallelGC)" prio=5 tid=0x00007fd2a3002800 nid=0x2903 runnable 

"GC task thread#3 (ParallelGC)" prio=5 tid=0x00007fd2a3003000 nid=0x2b03 runnable 

"VM Periodic Task Thread" prio=5 tid=0x00007fd2a201f800 nid=0x4903 waiting on condition 

JNI global references: 389

